app/build/intermediates/manifest_merge_blame_file/debug/processDebugMainManifest/manifest-merger-blame-debug-report.txt
1<?xml version="1.0" encoding="utf-8"?>
2<manifest xmlns:android="http://schemas.android.com/apk/res/android"
3    package="com.mcpintelligence.fr3k.hud"
4    android:versionCode="1"
5    android:versionName="0.1.0" >
6
7    <uses-sdk
8        android:minSdkVersion="31"
9        android:targetSdkVersion="35" />
10
11    <!-- ============================================================== -->
12    <!-- Tier-0: always-on, non-root Android APIs -->
13    <!-- ============================================================== -->
14    <uses-permission android:name="android.permission.INTERNET" />
14-->src/main/AndroidManifest.xml:8:5-67
14-->src/main/AndroidManifest.xml:8:22-64
15    <uses-permission android:name="android.permission.ACCESS_NETWORK_STATE" />
15-->src/main/AndroidManifest.xml:9:5-79
15-->src/main/AndroidManifest.xml:9:22-76
16    <uses-permission android:name="android.permission.ACCESS_WIFI_STATE" />
16-->src/main/AndroidManifest.xml:10:5-76
16-->src/main/AndroidManifest.xml:10:22-73
17    <uses-permission android:name="android.permission.FOREGROUND_SERVICE" />
17-->src/main/AndroidManifest.xml:11:5-77
17-->src/main/AndroidManifest.xml:11:22-74
18    <uses-permission android:name="android.permission.FOREGROUND_SERVICE_SPECIAL_USE" />
18-->src/main/AndroidManifest.xml:12:5-89
18-->src/main/AndroidManifest.xml:12:22-86
19    <uses-permission android:name="android.permission.POST_NOTIFICATIONS" />
19-->src/main/AndroidManifest.xml:13:5-77
19-->src/main/AndroidManifest.xml:13:22-74
20    <uses-permission android:name="android.permission.WAKE_LOCK" />
20-->src/main/AndroidManifest.xml:14:5-68
20-->src/main/AndroidManifest.xml:14:22-65
21
22    <!-- Tier-1: user-granted optional capabilities -->
23    <uses-permission android:name="android.permission.SYSTEM_ALERT_WINDOW" />
23-->src/main/AndroidManifest.xml:17:5-78
23-->src/main/AndroidManifest.xml:17:22-75
24    <uses-permission android:name="android.permission.RECORD_AUDIO" />
24-->src/main/AndroidManifest.xml:18:5-71
24-->src/main/AndroidManifest.xml:18:22-68
25    <uses-permission android:name="android.permission.CAMERA" />
25-->src/main/AndroidManifest.xml:19:5-65
25-->src/main/AndroidManifest.xml:19:22-62
26    <uses-permission android:name="android.permission.QUERY_ALL_PACKAGES" />
26-->src/main/AndroidManifest.xml:20:5-21:53
26-->src/main/AndroidManifest.xml:20:22-74
27    <uses-permission android:name="android.permission.PACKAGE_USAGE_STATS" />
27-->src/main/AndroidManifest.xml:22:5-23:47
27-->src/main/AndroidManifest.xml:22:22-75
28
29    <!-- While-in-use location for GPS / waypoint (foreground only) -->
30    <uses-permission android:name="android.permission.ACCESS_FINE_LOCATION" />
30-->src/main/AndroidManifest.xml:26:5-79
30-->src/main/AndroidManifest.xml:26:22-76
31    <uses-permission android:name="android.permission.ACCESS_COARSE_LOCATION" />
31-->src/main/AndroidManifest.xml:27:5-81
31-->src/main/AndroidManifest.xml:27:22-78
32
33    <!-- Boot receiver -->
34    <uses-permission android:name="android.permission.RECEIVE_BOOT_COMPLETED" />
34-->src/main/AndroidManifest.xml:30:5-81
34-->src/main/AndroidManifest.xml:30:22-78
35
36    <!-- Bluetooth + network state for automation triggers -->
37    <uses-permission android:name="android.permission.BLUETOOTH" />
37-->src/main/AndroidManifest.xml:33:5-68
37-->src/main/AndroidManifest.xml:33:22-65
38    <uses-permission android:name="android.permission.BLUETOOTH_CONNECT" />
38-->src/main/AndroidManifest.xml:34:5-76
38-->src/main/AndroidManifest.xml:34:22-73
39
40    <uses-feature
40-->src/main/AndroidManifest.xml:36:5-91
41        android:name="android.hardware.location.gps"
41-->src/main/AndroidManifest.xml:36:19-63
42        android:required="false" />
42-->src/main/AndroidManifest.xml:36:64-88
43    <uses-feature
43-->src/main/AndroidManifest.xml:37:5-88
44        android:name="android.hardware.bluetooth"
44-->src/main/AndroidManifest.xml:37:19-60
45        android:required="false" />
45-->src/main/AndroidManifest.xml:37:61-85
46    <uses-feature
46-->src/main/AndroidManifest.xml:38:5-91
47        android:name="android.hardware.bluetooth_le"
47-->src/main/AndroidManifest.xml:38:19-63
48        android:required="false" />
48-->src/main/AndroidManifest.xml:38:64-88
49
50    <queries>
50-->src/main/AndroidManifest.xml:40:5-60:15
51        <package android:name="com.termux" />
51-->src/main/AndroidManifest.xml:41:9-46
51-->src/main/AndroidManifest.xml:41:18-43
52        <package android:name="com.termux.api" />
52-->src/main/AndroidManifest.xml:42:9-50
52-->src/main/AndroidManifest.xml:42:18-47
53        <package android:name="com.termux.tasker" />
53-->src/main/AndroidManifest.xml:43:9-53
53-->src/main/AndroidManifest.xml:43:18-50
54
55        <intent>
55-->src/main/AndroidManifest.xml:44:9-47:18
56            <action android:name="android.intent.action.SEND" />
56-->src/main/AndroidManifest.xml:45:13-65
56-->src/main/AndroidManifest.xml:45:21-62
57
58            <data android:mimeType="text/plain" />
58-->src/main/AndroidManifest.xml:46:13-51
58-->src/main/AndroidManifest.xml:46:19-48
59        </intent>
60        <intent>
60-->src/main/AndroidManifest.xml:48:9-51:18
61            <action android:name="android.intent.action.SEND" />
61-->src/main/AndroidManifest.xml:45:13-65
61-->src/main/AndroidManifest.xml:45:21-62
62
63            <data android:mimeType="text/uri-list" />
63-->src/main/AndroidManifest.xml:46:13-51
63-->src/main/AndroidManifest.xml:46:19-48
64        </intent>
65        <intent>
65-->src/main/AndroidManifest.xml:52:9-55:18
66            <action android:name="android.intent.action.SEND" />
66-->src/main/AndroidManifest.xml:45:13-65
66-->src/main/AndroidManifest.xml:45:21-62
67
68            <data android:mimeType="image/*" />
68-->src/main/AndroidManifest.xml:46:13-51
68-->src/main/AndroidManifest.xml:46:19-48
69        </intent>
70        <intent>
70-->src/main/AndroidManifest.xml:56:9-59:18
71            <action android:name="android.intent.action.SEND" />
71-->src/main/AndroidManifest.xml:45:13-65
71-->src/main/AndroidManifest.xml:45:21-62
72
73            <data android:mimeType="application/*" />
73-->src/main/AndroidManifest.xml:46:13-51
73-->src/main/AndroidManifest.xml:46:19-48
74        </intent>
75    </queries>
76
77    <permission
77-->[androidx.core:core:1.13.1] AndroidManifest.xml:22:5-24:47
78        android:name="com.mcpintelligence.fr3k.hud.DYNAMIC_RECEIVER_NOT_EXPORTED_PERMISSION"
78-->[androidx.core:core:1.13.1] AndroidManifest.xml:23:9-81
79        android:protectionLevel="signature" />
79-->[androidx.core:core:1.13.1] AndroidManifest.xml:24:9-44
80
81    <uses-permission android:name="com.mcpintelligence.fr3k.hud.DYNAMIC_RECEIVER_NOT_EXPORTED_PERMISSION" />
81-->[androidx.core:core:1.13.1] AndroidManifest.xml:26:5-97
81-->[androidx.core:core:1.13.1] AndroidManifest.xml:26:22-94
82
83    <application
83-->src/main/AndroidManifest.xml:62:5-309:19
84        android:name="com.mcpintelligence.fr3k.Fr3kApplication"
84-->src/main/AndroidManifest.xml:63:9-64
85        android:allowBackup="false"
85-->src/main/AndroidManifest.xml:67:9-36
86        android:appComponentFactory="androidx.core.app.CoreComponentFactory"
86-->[androidx.core:core:1.13.1] AndroidManifest.xml:28:18-86
87        android:dataExtractionRules="@xml/data_extraction_rules"
87-->src/main/AndroidManifest.xml:69:9-65
88        android:debuggable="true"
89        android:extractNativeLibs="false"
90        android:fullBackupContent="false"
90-->src/main/AndroidManifest.xml:68:9-42
91        android:icon="@mipmap/ic_launcher"
91-->src/main/AndroidManifest.xml:65:9-43
92        android:label="@string/app_name"
92-->src/main/AndroidManifest.xml:64:9-41
93        android:roundIcon="@mipmap/ic_launcher_round"
93-->src/main/AndroidManifest.xml:66:9-54
94        android:supportsRtl="true"
94-->src/main/AndroidManifest.xml:70:9-35
95        android:theme="@style/Theme.Fr3kHud" >
95-->src/main/AndroidManifest.xml:71:9-45
96        <activity
96-->src/main/AndroidManifest.xml:74:9-85:20
97            android:name="com.mcpintelligence.fr3k.ui.MainActivity"
97-->src/main/AndroidManifest.xml:75:13-68
98            android:configChanges="orientation|screenSize|smallestScreenSize|screenLayout|keyboardHidden|uiMode"
98-->src/main/AndroidManifest.xml:79:13-113
99            android:excludeFromRecents="false"
99-->src/main/AndroidManifest.xml:78:13-47
100            android:exported="true"
100-->src/main/AndroidManifest.xml:76:13-36
101            android:launchMode="singleTask"
101-->src/main/AndroidManifest.xml:77:13-44
102            android:theme="@style/Theme.Fr3kHud" >
102-->src/main/AndroidManifest.xml:80:13-49
103            <intent-filter>
103-->src/main/AndroidManifest.xml:81:13-84:29
104                <action android:name="android.intent.action.MAIN" />
104-->src/main/AndroidManifest.xml:82:17-69
104-->src/main/AndroidManifest.xml:82:25-66
105
106                <category android:name="android.intent.category.LAUNCHER" />
106-->src/main/AndroidManifest.xml:83:17-77
106-->src/main/AndroidManifest.xml:83:27-74
107            </intent-filter>
108        </activity>
109        <activity
109-->src/main/AndroidManifest.xml:87:9-97:20
110            android:name="com.mcpintelligence.fr3k.ui.palette.CommandPaletteActivity"
110-->src/main/AndroidManifest.xml:88:13-86
111            android:configChanges="orientation|screenSize|smallestScreenSize|screenLayout|keyboardHidden|uiMode"
111-->src/main/AndroidManifest.xml:92:13-113
112            android:excludeFromRecents="true"
112-->src/main/AndroidManifest.xml:90:13-46
113            android:exported="true"
113-->src/main/AndroidManifest.xml:89:13-36
114            android:theme="@style/Theme.Fr3kHud.Transparent" >
114-->src/main/AndroidManifest.xml:91:13-61
115            <intent-filter>
115-->src/main/AndroidManifest.xml:93:13-96:29
116                <action android:name="com.mcpintelligence.fr3k.hud.OPEN_PALETTE" />
116-->src/main/AndroidManifest.xml:94:17-84
116-->src/main/AndroidManifest.xml:94:25-81
117
118                <category android:name="android.intent.category.DEFAULT" />
118-->src/main/AndroidManifest.xml:95:17-76
118-->src/main/AndroidManifest.xml:95:27-73
119            </intent-filter>
120        </activity>
121        <activity
121-->src/main/AndroidManifest.xml:99:9-109:20
122            android:name="com.mcpintelligence.fr3k.ui.ask.AskAboutThisActivity"
122-->src/main/AndroidManifest.xml:100:13-80
123            android:configChanges="orientation|screenSize|smallestScreenSize|screenLayout|keyboardHidden|uiMode"
123-->src/main/AndroidManifest.xml:104:13-113
124            android:excludeFromRecents="true"
124-->src/main/AndroidManifest.xml:102:13-46
125            android:exported="true"
125-->src/main/AndroidManifest.xml:101:13-36
126            android:theme="@style/Theme.Fr3kHud" >
126-->src/main/AndroidManifest.xml:103:13-49
127            <intent-filter>
127-->src/main/AndroidManifest.xml:105:13-108:29
128                <action android:name="com.mcpintelligence.fr3k.hud.ASK_ABOUT" />
128-->src/main/AndroidManifest.xml:106:17-81
128-->src/main/AndroidManifest.xml:106:25-78
129
130                <category android:name="android.intent.category.DEFAULT" />
130-->src/main/AndroidManifest.xml:95:17-76
130-->src/main/AndroidManifest.xml:95:27-73
131            </intent-filter>
132        </activity>
133        <activity
133-->src/main/AndroidManifest.xml:111:9-134:20
134            android:name="com.mcpintelligence.fr3k.share.ShareReceiverActivity"
134-->src/main/AndroidManifest.xml:112:13-80
135            android:configChanges="orientation|screenSize|smallestScreenSize|screenLayout|keyboardHidden|uiMode"
135-->src/main/AndroidManifest.xml:117:13-113
136            android:excludeFromRecents="true"
136-->src/main/AndroidManifest.xml:115:13-46
137            android:exported="true"
137-->src/main/AndroidManifest.xml:113:13-36
138            android:noHistory="true"
138-->src/main/AndroidManifest.xml:114:13-37
139            android:theme="@style/Theme.Fr3kHud.Transparent" >
139-->src/main/AndroidManifest.xml:116:13-61
140            <intent-filter android:label="@string/share_target_label" >
140-->src/main/AndroidManifest.xml:118:13-123:29
140-->src/main/AndroidManifest.xml:118:28-70
141                <action android:name="android.intent.action.SEND" />
141-->src/main/AndroidManifest.xml:45:13-65
141-->src/main/AndroidManifest.xml:45:21-62
142
143                <category android:name="android.intent.category.DEFAULT" />
143-->src/main/AndroidManifest.xml:95:17-76
143-->src/main/AndroidManifest.xml:95:27-73
144
145                <data android:mimeType="text/plain" />
145-->src/main/AndroidManifest.xml:46:13-51
145-->src/main/AndroidManifest.xml:46:19-48
146                <data android:mimeType="text/uri-list" />
146-->src/main/AndroidManifest.xml:46:13-51
146-->src/main/AndroidManifest.xml:46:19-48
147            </intent-filter>
148            <intent-filter android:label="@string/share_target_label" >
148-->src/main/AndroidManifest.xml:124:13-128:29
148-->src/main/AndroidManifest.xml:124:28-70
149                <action android:name="android.intent.action.SEND" />
149-->src/main/AndroidManifest.xml:45:13-65
149-->src/main/AndroidManifest.xml:45:21-62
150
151                <category android:name="android.intent.category.DEFAULT" />
151-->src/main/AndroidManifest.xml:95:17-76
151-->src/main/AndroidManifest.xml:95:27-73
152
153                <data android:mimeType="image/*" />
153-->src/main/AndroidManifest.xml:46:13-51
153-->src/main/AndroidManifest.xml:46:19-48
154            </intent-filter>
155            <intent-filter android:label="@string/share_target_label" >
155-->src/main/AndroidManifest.xml:129:13-133:29
155-->src/main/AndroidManifest.xml:129:28-70
156                <action android:name="android.intent.action.SEND" />
156-->src/main/AndroidManifest.xml:45:13-65
156-->src/main/AndroidManifest.xml:45:21-62
157
158                <category android:name="android.intent.category.DEFAULT" />
158-->src/main/AndroidManifest.xml:95:17-76
158-->src/main/AndroidManifest.xml:95:27-73
159
160                <data android:mimeType="application/*" />
160-->src/main/AndroidManifest.xml:46:13-51
160-->src/main/AndroidManifest.xml:46:19-48
161            </intent-filter>
162        </activity>
163
164        <!-- Quick HUD overlay panel -->
165        <activity
165-->src/main/AndroidManifest.xml:137:9-147:20
166            android:name="com.mcpintelligence.fr3k.hud.quickhud.QuickHudActivity"
166-->src/main/AndroidManifest.xml:138:13-82
167            android:configChanges="orientation|screenSize|smallestScreenSize|screenLayout|keyboardHidden|uiMode"
167-->src/main/AndroidManifest.xml:142:13-113
168            android:excludeFromRecents="true"
168-->src/main/AndroidManifest.xml:140:13-46
169            android:exported="true"
169-->src/main/AndroidManifest.xml:139:13-36
170            android:theme="@style/Theme.Fr3kHud.Transparent" >
170-->src/main/AndroidManifest.xml:141:13-61
171            <intent-filter>
171-->src/main/AndroidManifest.xml:143:13-146:29
172                <action android:name="com.mcpintelligence.fr3k.hud.OPEN_QUICK_HUD" />
172-->src/main/AndroidManifest.xml:144:17-86
172-->src/main/AndroidManifest.xml:144:25-83
173
174                <category android:name="android.intent.category.DEFAULT" />
174-->src/main/AndroidManifest.xml:95:17-76
174-->src/main/AndroidManifest.xml:95:27-73
175            </intent-filter>
176        </activity>
177
178        <!-- Screenshot workflow -->
179        <activity
179-->src/main/AndroidManifest.xml:150:9-160:20
180            android:name="com.mcpintelligence.fr3k.ui.screenshot.ScreenshotActivity"
180-->src/main/AndroidManifest.xml:151:13-85
181            android:configChanges="orientation|screenSize|smallestScreenSize|screenLayout|keyboardHidden|uiMode"
181-->src/main/AndroidManifest.xml:155:13-113
182            android:excludeFromRecents="true"
182-->src/main/AndroidManifest.xml:153:13-46
183            android:exported="true"
183-->src/main/AndroidManifest.xml:152:13-36
184            android:theme="@style/Theme.Fr3kHud" >
184-->src/main/AndroidManifest.xml:154:13-49
185            <intent-filter>
185-->src/main/AndroidManifest.xml:156:13-159:29
186                <action android:name="com.mcpintelligence.fr3k.hud.SCREENSHOT" />
186-->src/main/AndroidManifest.xml:157:17-82
186-->src/main/AndroidManifest.xml:157:25-79
187
188                <category android:name="android.intent.category.DEFAULT" />
188-->src/main/AndroidManifest.xml:95:17-76
188-->src/main/AndroidManifest.xml:95:27-73
189            </intent-filter>
190        </activity>
191
192        <!-- Smart clipboard -->
193        <activity
193-->src/main/AndroidManifest.xml:163:9-173:20
194            android:name="com.mcpintelligence.fr3k.ui.clipboard.SmartClipboardActivity"
194-->src/main/AndroidManifest.xml:164:13-88
195            android:configChanges="orientation|screenSize|smallestScreenSize|screenLayout|keyboardHidden|uiMode"
195-->src/main/AndroidManifest.xml:168:13-113
196            android:excludeFromRecents="true"
196-->src/main/AndroidManifest.xml:166:13-46
197            android:exported="true"
197-->src/main/AndroidManifest.xml:165:13-36
198            android:theme="@style/Theme.Fr3kHud" >
198-->src/main/AndroidManifest.xml:167:13-49
199            <intent-filter>
199-->src/main/AndroidManifest.xml:169:13-172:29
200                <action android:name="com.mcpintelligence.fr3k.hud.OPEN_CLIPBOARD" />
200-->src/main/AndroidManifest.xml:170:17-86
200-->src/main/AndroidManifest.xml:170:25-83
201
202                <category android:name="android.intent.category.DEFAULT" />
202-->src/main/AndroidManifest.xml:95:17-76
202-->src/main/AndroidManifest.xml:95:27-73
203            </intent-filter>
204        </activity>
205
206        <!-- Automation manager -->
207        <activity
207-->src/main/AndroidManifest.xml:176:9-186:20
208            android:name="com.mcpintelligence.fr3k.ui.automation.AutomationActivity"
208-->src/main/AndroidManifest.xml:177:13-85
209            android:configChanges="orientation|screenSize|smallestScreenSize|screenLayout|keyboardHidden|uiMode"
209-->src/main/AndroidManifest.xml:181:13-113
210            android:excludeFromRecents="true"
210-->src/main/AndroidManifest.xml:179:13-46
211            android:exported="true"
211-->src/main/AndroidManifest.xml:178:13-36
212            android:theme="@style/Theme.Fr3kHud" >
212-->src/main/AndroidManifest.xml:180:13-49
213            <intent-filter>
213-->src/main/AndroidManifest.xml:182:13-185:29
214                <action android:name="com.mcpintelligence.fr3k.hud.OPEN_AUTOMATION" />
214-->src/main/AndroidManifest.xml:183:17-87
214-->src/main/AndroidManifest.xml:183:25-84
215
216                <category android:name="android.intent.category.DEFAULT" />
216-->src/main/AndroidManifest.xml:95:17-76
216-->src/main/AndroidManifest.xml:95:27-73
217            </intent-filter>
218        </activity>
219
220        <!-- Diagnostics + developer overlay -->
221        <activity
221-->src/main/AndroidManifest.xml:189:9-193:52
222            android:name="com.mcpintelligence.fr3k.ui.diagnostics.DiagnosticsActivity"
222-->src/main/AndroidManifest.xml:190:13-87
223            android:excludeFromRecents="true"
223-->src/main/AndroidManifest.xml:192:13-46
224            android:exported="true"
224-->src/main/AndroidManifest.xml:191:13-36
225            android:theme="@style/Theme.Fr3kHud" />
225-->src/main/AndroidManifest.xml:193:13-49
226        <activity
226-->src/main/AndroidManifest.xml:194:9-198:52
227            android:name="com.mcpintelligence.fr3k.ui.devoverlay.DeveloperOverlayActivity"
227-->src/main/AndroidManifest.xml:195:13-91
228            android:excludeFromRecents="true"
228-->src/main/AndroidManifest.xml:197:13-46
229            android:exported="true"
229-->src/main/AndroidManifest.xml:196:13-36
230            android:theme="@style/Theme.Fr3kHud" />
230-->src/main/AndroidManifest.xml:198:13-49
231        <activity
231-->src/main/AndroidManifest.xml:199:9-203:52
232            android:name="com.mcpintelligence.fr3k.ui.settings.SettingsActivity"
232-->src/main/AndroidManifest.xml:200:13-81
233            android:excludeFromRecents="true"
233-->src/main/AndroidManifest.xml:202:13-46
234            android:exported="true"
234-->src/main/AndroidManifest.xml:201:13-36
235            android:theme="@style/Theme.Fr3kHud" />
235-->src/main/AndroidManifest.xml:203:13-49
236        <activity
236-->src/main/AndroidManifest.xml:204:9-206:40
237            android:name="com.mcpintelligence.fr3k.ui.handoff.DeviceHandoffActivity"
237-->src/main/AndroidManifest.xml:205:13-85
238            android:exported="false" />
238-->src/main/AndroidManifest.xml:206:13-37
239        <activity
239-->src/main/AndroidManifest.xml:208:9-211:64
240            android:name="com.mcpintelligence.fr3k.hud.LongPressRadialActivity"
240-->src/main/AndroidManifest.xml:209:13-80
241            android:exported="false"
241-->src/main/AndroidManifest.xml:210:13-37
242            android:theme="@style/Theme.Fr3kHud.Transparent" />
242-->src/main/AndroidManifest.xml:211:13-61
243
244        <!-- HUD overlay service (Tier 1 — overlay permission) -->
245        <service
245-->src/main/AndroidManifest.xml:214:9-221:19
246            android:name="com.mcpintelligence.fr3k.hud.HudOverlayService"
246-->src/main/AndroidManifest.xml:215:13-74
247            android:exported="false"
247-->src/main/AndroidManifest.xml:216:13-37
248            android:foregroundServiceType="specialUse" >
248-->src/main/AndroidManifest.xml:217:13-55
249            <property
249-->src/main/AndroidManifest.xml:218:13-220:52
250                android:name="android.app.PROPERTY_SPECIAL_USE_FGS_SUBTYPE"
250-->src/main/AndroidManifest.xml:219:17-76
251                android:value="fr3k_hud_overlay" />
251-->src/main/AndroidManifest.xml:220:17-49
252        </service>
253        <service
253-->src/main/AndroidManifest.xml:223:9-230:19
254            android:name="com.mcpintelligence.fr3k.core.Fr3kCoreService"
254-->src/main/AndroidManifest.xml:224:13-73
255            android:exported="false"
255-->src/main/AndroidManifest.xml:225:13-37
256            android:foregroundServiceType="specialUse" >
256-->src/main/AndroidManifest.xml:226:13-55
257            <property
257-->src/main/AndroidManifest.xml:218:13-220:52
258                android:name="android.app.PROPERTY_SPECIAL_USE_FGS_SUBTYPE"
258-->src/main/AndroidManifest.xml:219:17-76
259                android:value="fr3k_core" />
259-->src/main/AndroidManifest.xml:220:17-49
260        </service>
261        <service
261-->src/main/AndroidManifest.xml:232:9-239:19
262            android:name="com.mcpintelligence.fr3k.mesh.MeshService"
262-->src/main/AndroidManifest.xml:233:13-69
263            android:exported="false"
263-->src/main/AndroidManifest.xml:234:13-37
264            android:foregroundServiceType="specialUse" >
264-->src/main/AndroidManifest.xml:235:13-55
265            <property
265-->src/main/AndroidManifest.xml:218:13-220:52
266                android:name="android.app.PROPERTY_SPECIAL_USE_FGS_SUBTYPE"
266-->src/main/AndroidManifest.xml:219:17-76
267                android:value="fr3k_mesh" />
267-->src/main/AndroidManifest.xml:220:17-49
268        </service>
269        <service
269-->src/main/AndroidManifest.xml:241:9-248:19
270            android:name="com.mcpintelligence.fr3k.location.LocationService"
270-->src/main/AndroidManifest.xml:242:13-77
271            android:exported="false"
271-->src/main/AndroidManifest.xml:243:13-37
272            android:foregroundServiceType="location" >
272-->src/main/AndroidManifest.xml:244:13-53
273            <property
273-->src/main/AndroidManifest.xml:218:13-220:52
274                android:name="android.app.PROPERTY_SPECIAL_USE_FGS_SUBTYPE"
274-->src/main/AndroidManifest.xml:219:17-76
275                android:value="fr3k_location" />
275-->src/main/AndroidManifest.xml:220:17-49
276        </service>
277
278        <!-- Quick Settings tile (§32) -->
279        <service
279-->src/main/AndroidManifest.xml:251:9-260:19
280            android:name="com.mcpintelligence.fr3k.hud.quickhud.Fr3kHudTileService"
280-->src/main/AndroidManifest.xml:252:13-84
281            android:exported="true"
281-->src/main/AndroidManifest.xml:256:13-36
282            android:icon="@drawable/fr3k_orb"
282-->src/main/AndroidManifest.xml:254:13-46
283            android:label="@string/quick_settings_tile"
283-->src/main/AndroidManifest.xml:253:13-56
284            android:permission="android.permission.BIND_QUICK_SETTINGS_TILE" >
284-->src/main/AndroidManifest.xml:255:13-77
285            <intent-filter>
285-->src/main/AndroidManifest.xml:257:13-259:29
286                <action android:name="android.service.quicksettings.action.QS_TILE" />
286-->src/main/AndroidManifest.xml:258:17-87
286-->src/main/AndroidManifest.xml:258:25-84
287            </intent-filter>
288        </service>
289
290        <!-- Broadcast receivers -->
291        <receiver
291-->src/main/AndroidManifest.xml:263:9-265:40
292            android:name="com.mcpintelligence.fr3k.hud.receivers.ForegroundAppReceiver"
292-->src/main/AndroidManifest.xml:264:13-88
293            android:exported="false" />
293-->src/main/AndroidManifest.xml:265:13-37
294        <receiver
294-->src/main/AndroidManifest.xml:266:9-273:20
295            android:name="com.mcpintelligence.fr3k.hud.receivers.BootReceiver"
295-->src/main/AndroidManifest.xml:267:13-79
296            android:exported="true" >
296-->src/main/AndroidManifest.xml:268:13-36
297            <intent-filter>
297-->src/main/AndroidManifest.xml:269:13-272:29
298                <action android:name="android.intent.action.BOOT_COMPLETED" />
298-->src/main/AndroidManifest.xml:270:17-79
298-->src/main/AndroidManifest.xml:270:25-76
299                <action android:name="android.intent.action.QUICKBOOT_POWERON" />
299-->src/main/AndroidManifest.xml:271:17-82
299-->src/main/AndroidManifest.xml:271:25-79
300            </intent-filter>
301        </receiver>
302        <receiver
302-->src/main/AndroidManifest.xml:274:9-282:20
303            android:name="com.mcpintelligence.fr3k.hud.receivers.NetworkReceiver"
303-->src/main/AndroidManifest.xml:275:13-82
304            android:exported="false" >
304-->src/main/AndroidManifest.xml:276:13-37
305            <intent-filter>
305-->src/main/AndroidManifest.xml:277:13-281:29
306                <action android:name="android.net.wifi.WIFI_STATE_CHANGED" />
306-->src/main/AndroidManifest.xml:278:17-78
306-->src/main/AndroidManifest.xml:278:25-75
307                <action android:name="android.net.wifi.STATE_CHANGE" />
307-->src/main/AndroidManifest.xml:279:17-72
307-->src/main/AndroidManifest.xml:279:25-69
308                <action android:name="android.net.conn.CONNECTIVITY_CHANGE" />
308-->src/main/AndroidManifest.xml:280:17-79
308-->src/main/AndroidManifest.xml:280:25-76
309            </intent-filter>
310        </receiver>
311        <receiver
311-->src/main/AndroidManifest.xml:283:9-290:20
312            android:name="com.mcpintelligence.fr3k.hud.receivers.BluetoothReceiver"
312-->src/main/AndroidManifest.xml:284:13-84
313            android:exported="false" >
313-->src/main/AndroidManifest.xml:285:13-37
314            <intent-filter>
314-->src/main/AndroidManifest.xml:286:13-289:29
315                <action android:name="android.bluetooth.adapter.action.STATE_CHANGED" />
315-->src/main/AndroidManifest.xml:287:17-89
315-->src/main/AndroidManifest.xml:287:25-86
316                <action android:name="android.bluetooth.device.action.ACL_CONNECTED" />
316-->src/main/AndroidManifest.xml:288:17-88
316-->src/main/AndroidManifest.xml:288:25-85
317            </intent-filter>
318        </receiver>
319        <receiver
319-->src/main/AndroidManifest.xml:291:9-298:20
320            android:name="com.mcpintelligence.fr3k.hud.receivers.ShareReceiverTrigger"
320-->src/main/AndroidManifest.xml:292:13-87
321            android:exported="false" >
321-->src/main/AndroidManifest.xml:293:13-37
322            <intent-filter>
322-->src/main/AndroidManifest.xml:294:13-297:29
323                <action android:name="android.intent.action.SEND" />
323-->src/main/AndroidManifest.xml:45:13-65
323-->src/main/AndroidManifest.xml:45:21-62
324
325                <data android:mimeType="text/plain" />
325-->src/main/AndroidManifest.xml:46:13-51
325-->src/main/AndroidManifest.xml:46:19-48
326            </intent-filter>
327        </receiver>
328
329        <provider
330            android:name="androidx.core.content.FileProvider"
330-->src/main/AndroidManifest.xml:301:13-62
331            android:authorities="com.mcpintelligence.fr3k.hud.fileprovider"
331-->src/main/AndroidManifest.xml:302:13-64
332            android:exported="false"
332-->src/main/AndroidManifest.xml:303:13-37
333            android:grantUriPermissions="true" >
333-->src/main/AndroidManifest.xml:304:13-47
334            <meta-data
334-->src/main/AndroidManifest.xml:305:13-307:54
335                android:name="android.support.FILE_PROVIDER_PATHS"
335-->src/main/AndroidManifest.xml:306:17-67
336                android:resource="@xml/file_paths" />
336-->src/main/AndroidManifest.xml:307:17-51
337        </provider>
338
339        <activity
339-->[androidx.compose.ui:ui-test-manifest:1.7.5] AndroidManifest.xml:23:9-25:39
340            android:name="androidx.activity.ComponentActivity"
340-->[androidx.compose.ui:ui-test-manifest:1.7.5] AndroidManifest.xml:24:13-63
341            android:exported="true" />
341-->[androidx.compose.ui:ui-test-manifest:1.7.5] AndroidManifest.xml:25:13-36
342        <activity
342-->[androidx.compose.ui:ui-tooling-android:1.7.5] AndroidManifest.xml:23:9-25:39
343            android:name="androidx.compose.ui.tooling.PreviewActivity"
343-->[androidx.compose.ui:ui-tooling-android:1.7.5] AndroidManifest.xml:24:13-71